<?xml version="1.0" encoding="UTF-8"?>
<!-- Generated by org.testng.reporters.JUnitReportReporter -->
<testsuite hostname="VUHL-4F39273" failures="0" tests="4" name="com.src.enterprise.UI.ExtentDemo" time="0.018" errors="0" timestamp="2022-11-08T20:45:35 CST" skipped="0">
  <testcase classname="com.src.enterprise.UI.ExtentDemo" name="testCase1" time="0.015"/>
  <system-out/>
  <testcase classname="com.src.enterprise.UI.ExtentDemo" name="testCase4" time="0.001"/>
  <system-out/>
  <testcase classname="com.src.enterprise.UI.ExtentDemo" name="testCase2" time="0.001"/>
  <system-out/>
  <testcase classname="com.src.enterprise.UI.ExtentDemo" name="testCase3" time="0.001"/>
  <system-out/>
</testsuite> <!-- com.src.enterprise.UI.ExtentDemo -->
