<?xml version="1.0" encoding="UTF-8"?>
<!-- Generated by org.testng.reporters.JUnitReportReporter -->
<testsuite hostname="VUHL-4F39273" failures="0" tests="1" name="com.enterprise.test.AmazonLogin" time="7.411" errors="0" timestamp="2022-09-27T11:25:02 CDT" skipped="0">
  <testcase classname="com.enterprise.test.AmazonLogin" name="Login" time="7.411"/>
  <system-out/>
</testsuite> <!-- com.enterprise.test.AmazonLogin -->
