<?xml version="1.0" encoding="UTF-8"?>
<!-- Generated by org.testng.reporters.JUnitReportReporter -->
<testsuite hostname="VUHL-4F39273" failures="0" tests="1" name="com.src.enterprise.UI.AmazonLogin" time="4.453" errors="0" timestamp="2022-11-09T13:16:10 CST" skipped="0">
  <testcase classname="com.src.enterprise.UI.AmazonLogin" name="Login" time="4.453"/>
  <system-out/>
</testsuite> <!-- com.src.enterprise.UI.AmazonLogin -->
